2024-10-23 18:34:15 - INFO - Start counting columns in directory ../01_Datensaetze/improved_cic-ids-2017
2024-10-23 18:34:15 - INFO - Successfully counted columns in directory ../01_Datensaetze/improved_cic-ids-2017
2024-10-23 18:34:15 - INFO - Start counting columns in directory ../01_Datensaetze/improved_cse-cic-ids-2018
2024-10-23 18:34:15 - INFO - Successfully counted columns in directory ../01_Datensaetze/improved_cse-cic-ids-2018
2024-10-23 18:34:44 - INFO - Start counting columns in directory ../01_Datensaetze/improved_cic-ids-2017
2024-10-23 18:34:44 - INFO - Successfully counted columns in directory ../01_Datensaetze/improved_cic-ids-2017
2024-10-23 18:34:45 - INFO - Start counting columns in directory ../01_Datensaetze/improved_cse-cic-ids-2018
2024-10-23 18:34:45 - INFO - Successfully counted columns in directory ../01_Datensaetze/improved_cse-cic-ids-2018
2024-10-23 18:41:11 - INFO - Lade alle CSV-Dateien aus dem Verzeichnis ../01_Datensaetze/improved_cse-cic-ids-2018 in ein Dask DataFrame
2024-10-23 18:41:12 - INFO - Dask DataFrame erfolgreich erstellt.
2024-10-23 18:41:14 - INFO - Lade alle CSV-Dateien aus dem Verzeichnis ../01_Datensaetze/improved_cic-ids-2017 in ein Dask DataFrame
2024-10-23 18:41:14 - INFO - Dask DataFrame erfolgreich erstellt.
2024-10-23 19:12:49 - INFO - DataFrame successfully saved to ../01_Datensaetze/improved_cic-ids-2017/ids17.parquet
2024-10-23 19:14:26 - INFO - DataFrame successfully saved to ../01_Datensaetze/improved_cse-cic-ids-2018/ids18.parquet
2024-10-24 10:48:55 - INFO - Start counting columns in directory ../01_Datensaetze/improved_cic-ids-2017
2024-10-24 10:48:55 - INFO - Successfully counted columns in directory ../01_Datensaetze/improved_cic-ids-2017
2024-10-24 10:48:57 - INFO - Start counting columns in directory ../01_Datensaetze/improved_cse-cic-ids-2018
2024-10-24 10:48:57 - INFO - Successfully counted columns in directory ../01_Datensaetze/improved_cse-cic-ids-2018
2024-10-24 10:49:18 - INFO - Lade alle CSV-Dateien aus dem Verzeichnis ../01_Datensaetze/improved_cse-cic-ids-2018 in ein Dask DataFrame
2024-10-24 10:49:18 - INFO - Dask DataFrame erfolgreich erstellt.
2024-10-24 10:54:13 - INFO - Lade alle CSV-Dateien aus dem Verzeichnis ../01_Datensaetze/improved_cic-ids-2017 in ein Dask DataFrame
2024-10-24 10:54:13 - INFO - Dask DataFrame erfolgreich erstellt.
2024-10-24 11:14:45 - INFO - NaN values in each column:
2024-10-24 11:14:45 - INFO - id                            0
Flow ID                       0
Src IP                        0
Src Port                      0
Dst IP                        0
Dst Port                      0
Protocol                      0
Timestamp                     0
Flow Duration                 0
Total Fwd Packet              0
Total Bwd packets             0
Total Length of Fwd Packet    0
Total Length of Bwd Packet    0
Fwd Packet Length Max         0
Fwd Packet Length Min         0
Fwd Packet Length Mean        0
Fwd Packet Length Std         0
Bwd Packet Length Max         0
Bwd Packet Length Min         0
Bwd Packet Length Mean        0
Bwd Packet Length Std         0
Flow Bytes/s                  0
Flow Packets/s                0
Flow IAT Mean                 0
Flow IAT Std                  0
Flow IAT Max                  0
Flow IAT Min                  0
Fwd IAT Total                 0
Fwd IAT Mean                  0
Fwd IAT Std                   0
Fwd IAT Max                   0
Fwd IAT Min                   0
Bwd IAT Total                 0
Bwd IAT Mean                  0
Bwd IAT Std                   0
Bwd IAT Max                   0
Bwd IAT Min                   0
Fwd PSH Flags                 0
Bwd PSH Flags                 0
Fwd URG Flags                 0
Bwd URG Flags                 0
Fwd RST Flags                 0
Bwd RST Flags                 0
Fwd Header Length             0
Bwd Header Length             0
Fwd Packets/s                 0
Bwd Packets/s                 0
Packet Length Min             0
Packet Length Max             0
Packet Length Mean            0
Packet Length Std             0
Packet Length Variance        0
FIN Flag Count                0
SYN Flag Count                0
RST Flag Count                0
PSH Flag Count                0
ACK Flag Count                0
URG Flag Count                0
CWR Flag Count                0
ECE Flag Count                0
Down/Up Ratio                 0
Average Packet Size           0
Fwd Segment Size Avg          0
Bwd Segment Size Avg          0
Fwd Bytes/Bulk Avg            0
Fwd Packet/Bulk Avg           0
Fwd Bulk Rate Avg             0
Bwd Bytes/Bulk Avg            0
Bwd Packet/Bulk Avg           0
Bwd Bulk Rate Avg             0
Subflow Fwd Packets           0
Subflow Fwd Bytes             0
Subflow Bwd Packets           0
Subflow Bwd Bytes             0
FWD Init Win Bytes            0
Bwd Init Win Bytes            0
Fwd Act Data Pkts             0
Fwd Seg Size Min              0
Active Mean                   0
Active Std                    0
Active Max                    0
Active Min                    0
Idle Mean                     0
Idle Std                      0
Idle Max                      0
Idle Min                      0
ICMP Code                     0
ICMP Type                     0
Total TCP Flow Time           0
Label                         0
Attempted Category            0
dtype: int64
2024-10-24 11:14:48 - INFO - Inf values in each column:
2024-10-24 11:14:48 - INFO - id                            0
Flow ID                       0
Src IP                        0
Src Port                      0
Dst IP                        0
Dst Port                      0
Protocol                      0
Timestamp                     0
Flow Duration                 0
Total Fwd Packet              0
Total Bwd packets             0
Total Length of Fwd Packet    0
Total Length of Bwd Packet    0
Fwd Packet Length Max         0
Fwd Packet Length Min         0
Fwd Packet Length Mean        0
Fwd Packet Length Std         0
Bwd Packet Length Max         0
Bwd Packet Length Min         0
Bwd Packet Length Mean        0
Bwd Packet Length Std         0
Flow Bytes/s                  5
Flow Packets/s                5
Flow IAT Mean                 0
Flow IAT Std                  0
Flow IAT Max                  0
Flow IAT Min                  0
Fwd IAT Total                 0
Fwd IAT Mean                  0
Fwd IAT Std                   0
Fwd IAT Max                   0
Fwd IAT Min                   0
Bwd IAT Total                 0
Bwd IAT Mean                  0
Bwd IAT Std                   0
Bwd IAT Max                   0
Bwd IAT Min                   0
Fwd PSH Flags                 0
Bwd PSH Flags                 0
Fwd URG Flags                 0
Bwd URG Flags                 0
Fwd RST Flags                 0
Bwd RST Flags                 0
Fwd Header Length             0
Bwd Header Length             0
Fwd Packets/s                 0
Bwd Packets/s                 0
Packet Length Min             0
Packet Length Max             0
Packet Length Mean            0
Packet Length Std             0
Packet Length Variance        0
FIN Flag Count                0
SYN Flag Count                0
RST Flag Count                0
PSH Flag Count                0
ACK Flag Count                0
URG Flag Count                0
CWR Flag Count                0
ECE Flag Count                0
Down/Up Ratio                 0
Average Packet Size           0
Fwd Segment Size Avg          0
Bwd Segment Size Avg          0
Fwd Bytes/Bulk Avg            0
Fwd Packet/Bulk Avg           0
Fwd Bulk Rate Avg             0
Bwd Bytes/Bulk Avg            0
Bwd Packet/Bulk Avg           0
Bwd Bulk Rate Avg             0
Subflow Fwd Packets           0
Subflow Fwd Bytes             0
Subflow Bwd Packets           0
Subflow Bwd Bytes             0
FWD Init Win Bytes            0
Bwd Init Win Bytes            0
Fwd Act Data Pkts             0
Fwd Seg Size Min              0
Active Mean                   0
Active Std                    0
Active Max                    0
Active Min                    0
Idle Mean                     0
Idle Std                      0
Idle Max                      0
Idle Min                      0
ICMP Code                     0
ICMP Type                     0
Total TCP Flow Time           0
Label                         0
Attempted Category            0
dtype: int64
2024-10-24 11:16:40 - INFO - NaN values in each column:
2024-10-24 11:16:40 - INFO - id                            0
Flow ID                       0
Src IP                        0
Src Port                      0
Dst IP                        0
Dst Port                      0
Protocol                      0
Timestamp                     0
Flow Duration                 0
Total Fwd Packet              0
Total Bwd packets             0
Total Length of Fwd Packet    0
Total Length of Bwd Packet    0
Fwd Packet Length Max         0
Fwd Packet Length Min         0
Fwd Packet Length Mean        0
Fwd Packet Length Std         0
Bwd Packet Length Max         0
Bwd Packet Length Min         0
Bwd Packet Length Mean        0
Bwd Packet Length Std         0
Flow Bytes/s                  0
Flow Packets/s                0
Flow IAT Mean                 0
Flow IAT Std                  0
Flow IAT Max                  0
Flow IAT Min                  0
Fwd IAT Total                 0
Fwd IAT Mean                  0
Fwd IAT Std                   0
Fwd IAT Max                   0
Fwd IAT Min                   0
Bwd IAT Total                 0
Bwd IAT Mean                  0
Bwd IAT Std                   0
Bwd IAT Max                   0
Bwd IAT Min                   0
Fwd PSH Flags                 0
Bwd PSH Flags                 0
Fwd URG Flags                 0
Bwd URG Flags                 0
Fwd RST Flags                 0
Bwd RST Flags                 0
Fwd Header Length             0
Bwd Header Length             0
Fwd Packets/s                 0
Bwd Packets/s                 0
Packet Length Min             0
Packet Length Max             0
Packet Length Mean            0
Packet Length Std             0
Packet Length Variance        0
FIN Flag Count                0
SYN Flag Count                0
RST Flag Count                0
PSH Flag Count                0
ACK Flag Count                0
URG Flag Count                0
CWR Flag Count                0
ECE Flag Count                0
Down/Up Ratio                 0
Average Packet Size           0
Fwd Segment Size Avg          0
Bwd Segment Size Avg          0
Fwd Bytes/Bulk Avg            0
Fwd Packet/Bulk Avg           0
Fwd Bulk Rate Avg             0
Bwd Bytes/Bulk Avg            0
Bwd Packet/Bulk Avg           0
Bwd Bulk Rate Avg             0
Subflow Fwd Packets           0
Subflow Fwd Bytes             0
Subflow Bwd Packets           0
Subflow Bwd Bytes             0
FWD Init Win Bytes            0
Bwd Init Win Bytes            0
Fwd Act Data Pkts             0
Fwd Seg Size Min              0
Active Mean                   0
Active Std                    0
Active Max                    0
Active Min                    0
Idle Mean                     0
Idle Std                      0
Idle Max                      0
Idle Min                      0
ICMP Code                     0
ICMP Type                     0
Total TCP Flow Time           0
Label                         0
Attempted Category            0
dtype: int64
2024-10-24 11:17:40 - INFO - Inf values in each column:
2024-10-24 11:17:40 - INFO - id                             0
Flow ID                        0
Src IP                         0
Src Port                       0
Dst IP                         0
Dst Port                       0
Protocol                       0
Timestamp                      0
Flow Duration                  0
Total Fwd Packet               0
Total Bwd packets              0
Total Length of Fwd Packet     0
Total Length of Bwd Packet     0
Fwd Packet Length Max          0
Fwd Packet Length Min          0
Fwd Packet Length Mean         0
Fwd Packet Length Std          0
Bwd Packet Length Max          0
Bwd Packet Length Min          0
Bwd Packet Length Mean         0
Bwd Packet Length Std          0
Flow Bytes/s                  57
Flow Packets/s                57
Flow IAT Mean                  0
Flow IAT Std                   0
Flow IAT Max                   0
Flow IAT Min                   0
Fwd IAT Total                  0
Fwd IAT Mean                   0
Fwd IAT Std                    0
Fwd IAT Max                    0
Fwd IAT Min                    0
Bwd IAT Total                  0
Bwd IAT Mean                   0
Bwd IAT Std                    0
Bwd IAT Max                    0
Bwd IAT Min                    0
Fwd PSH Flags                  0
Bwd PSH Flags                  0
Fwd URG Flags                  0
Bwd URG Flags                  0
Fwd RST Flags                  0
Bwd RST Flags                  0
Fwd Header Length              0
Bwd Header Length              0
Fwd Packets/s                  0
Bwd Packets/s                  0
Packet Length Min              0
Packet Length Max              0
Packet Length Mean             0
Packet Length Std              0
Packet Length Variance         0
FIN Flag Count                 0
SYN Flag Count                 0
RST Flag Count                 0
PSH Flag Count                 0
ACK Flag Count                 0
URG Flag Count                 0
CWR Flag Count                 0
ECE Flag Count                 0
Down/Up Ratio                  0
Average Packet Size            0
Fwd Segment Size Avg           0
Bwd Segment Size Avg           0
Fwd Bytes/Bulk Avg             0
Fwd Packet/Bulk Avg            0
Fwd Bulk Rate Avg              0
Bwd Bytes/Bulk Avg             0
Bwd Packet/Bulk Avg            0
Bwd Bulk Rate Avg              0
Subflow Fwd Packets            0
Subflow Fwd Bytes              0
Subflow Bwd Packets            0
Subflow Bwd Bytes              0
FWD Init Win Bytes             0
Bwd Init Win Bytes             0
Fwd Act Data Pkts              0
Fwd Seg Size Min               0
Active Mean                    0
Active Std                     0
Active Max                     0
Active Min                     0
Idle Mean                      0
Idle Std                       0
Idle Max                       0
Idle Min                       0
ICMP Code                      0
ICMP Type                      0
Total TCP Flow Time            0
Label                          0
Attempted Category             0
dtype: int64
2024-10-24 11:23:38 - INFO - DataFrame successfully saved to ../01_Datensaetze/improved_cse-cic-ids-2018/ids18_parquet
2024-10-24 11:36:21 - INFO - Lade alle CSV-Dateien aus dem Verzeichnis ../01_Datensaetze/improved_cse-cic-ids-2018 in ein Dask DataFrame
2024-10-24 11:36:21 - INFO - Dask DataFrame erfolgreich erstellt.
2024-10-24 11:36:36 - INFO - Pr端fe NaN und Inf Werte in ids18
2024-10-24 11:37:25 - INFO - NaN values in each column:
2024-10-24 11:37:25 - INFO - id                            0
Flow ID                       0
Src IP                        0
Src Port                      0
Dst IP                        0
Dst Port                      0
Protocol                      0
Timestamp                     0
Flow Duration                 0
Total Fwd Packet              0
Total Bwd packets             0
Total Length of Fwd Packet    0
Total Length of Bwd Packet    0
Fwd Packet Length Max         0
Fwd Packet Length Min         0
Fwd Packet Length Mean        0
Fwd Packet Length Std         0
Bwd Packet Length Max         0
Bwd Packet Length Min         0
Bwd Packet Length Mean        0
Bwd Packet Length Std         0
Flow Bytes/s                  0
Flow Packets/s                0
Flow IAT Mean                 0
Flow IAT Std                  0
Flow IAT Max                  0
Flow IAT Min                  0
Fwd IAT Total                 0
Fwd IAT Mean                  0
Fwd IAT Std                   0
Fwd IAT Max                   0
Fwd IAT Min                   0
Bwd IAT Total                 0
Bwd IAT Mean                  0
Bwd IAT Std                   0
Bwd IAT Max                   0
Bwd IAT Min                   0
Fwd PSH Flags                 0
Bwd PSH Flags                 0
Fwd URG Flags                 0
Bwd URG Flags                 0
Fwd RST Flags                 0
Bwd RST Flags                 0
Fwd Header Length             0
Bwd Header Length             0
Fwd Packets/s                 0
Bwd Packets/s                 0
Packet Length Min             0
Packet Length Max             0
Packet Length Mean            0
Packet Length Std             0
Packet Length Variance        0
FIN Flag Count                0
SYN Flag Count                0
RST Flag Count                0
PSH Flag Count                0
ACK Flag Count                0
URG Flag Count                0
CWR Flag Count                0
ECE Flag Count                0
Down/Up Ratio                 0
Average Packet Size           0
Fwd Segment Size Avg          0
Bwd Segment Size Avg          0
Fwd Bytes/Bulk Avg            0
Fwd Packet/Bulk Avg           0
Fwd Bulk Rate Avg             0
Bwd Bytes/Bulk Avg            0
Bwd Packet/Bulk Avg           0
Bwd Bulk Rate Avg             0
Subflow Fwd Packets           0
Subflow Fwd Bytes             0
Subflow Bwd Packets           0
Subflow Bwd Bytes             0
FWD Init Win Bytes            0
Bwd Init Win Bytes            0
Fwd Act Data Pkts             0
Fwd Seg Size Min              0
Active Mean                   0
Active Std                    0
Active Max                    0
Active Min                    0
Idle Mean                     0
Idle Std                      0
Idle Max                      0
Idle Min                      0
ICMP Code                     0
ICMP Type                     0
Total TCP Flow Time           0
Label                         0
Attempted Category            0
dtype: int64
2024-10-24 11:38:15 - INFO - Inf values in each column:
2024-10-24 11:38:15 - INFO - id                             0
Flow ID                        0
Src IP                         0
Src Port                       0
Dst IP                         0
Dst Port                       0
Protocol                       0
Timestamp                      0
Flow Duration                  0
Total Fwd Packet               0
Total Bwd packets              0
Total Length of Fwd Packet     0
Total Length of Bwd Packet     0
Fwd Packet Length Max          0
Fwd Packet Length Min          0
Fwd Packet Length Mean         0
Fwd Packet Length Std          0
Bwd Packet Length Max          0
Bwd Packet Length Min          0
Bwd Packet Length Mean         0
Bwd Packet Length Std          0
Flow Bytes/s                  57
Flow Packets/s                57
Flow IAT Mean                  0
Flow IAT Std                   0
Flow IAT Max                   0
Flow IAT Min                   0
Fwd IAT Total                  0
Fwd IAT Mean                   0
Fwd IAT Std                    0
Fwd IAT Max                    0
Fwd IAT Min                    0
Bwd IAT Total                  0
Bwd IAT Mean                   0
Bwd IAT Std                    0
Bwd IAT Max                    0
Bwd IAT Min                    0
Fwd PSH Flags                  0
Bwd PSH Flags                  0
Fwd URG Flags                  0
Bwd URG Flags                  0
Fwd RST Flags                  0
Bwd RST Flags                  0
Fwd Header Length              0
Bwd Header Length              0
Fwd Packets/s                  0
Bwd Packets/s                  0
Packet Length Min              0
Packet Length Max              0
Packet Length Mean             0
Packet Length Std              0
Packet Length Variance         0
FIN Flag Count                 0
SYN Flag Count                 0
RST Flag Count                 0
PSH Flag Count                 0
ACK Flag Count                 0
URG Flag Count                 0
CWR Flag Count                 0
ECE Flag Count                 0
Down/Up Ratio                  0
Average Packet Size            0
Fwd Segment Size Avg           0
Bwd Segment Size Avg           0
Fwd Bytes/Bulk Avg             0
Fwd Packet/Bulk Avg            0
Fwd Bulk Rate Avg              0
Bwd Bytes/Bulk Avg             0
Bwd Packet/Bulk Avg            0
Bwd Bulk Rate Avg              0
Subflow Fwd Packets            0
Subflow Fwd Bytes              0
Subflow Bwd Packets            0
Subflow Bwd Bytes              0
FWD Init Win Bytes             0
Bwd Init Win Bytes             0
Fwd Act Data Pkts              0
Fwd Seg Size Min               0
Active Mean                    0
Active Std                     0
Active Max                     0
Active Min                     0
Idle Mean                      0
Idle Std                       0
Idle Max                       0
Idle Min                       0
ICMP Code                      0
ICMP Type                      0
Total TCP Flow Time            0
Label                          0
Attempted Category             0
dtype: int64
2024-10-24 11:40:23 - INFO - DataFrame successfully saved to ../01_Datensaetze/improved_cse-cic-ids-2018/ids18_parquet
2024-10-24 11:41:08 - INFO - Lade alle CSV-Dateien aus dem Verzeichnis ../01_Datensaetze/improved_cic-ids-2017 in ein Dask DataFrame
2024-10-24 11:41:08 - INFO - Dask DataFrame erfolgreich erstellt.
2024-10-24 11:41:25 - INFO - DataFrame successfully saved to ../01_Datensaetze/improved_cic-ids-2017/ids17_parquet
2024-10-28 13:24:03 - INFO - Start counting columns in directory ../01_Datensaetze/improved_cic-ids-2017
2024-10-28 13:24:03 - INFO - Successfully counted columns in directory ../01_Datensaetze/improved_cic-ids-2017
2024-10-28 13:24:05 - INFO - Start counting columns in directory ../01_Datensaetze/improved_cse-cic-ids-2018
2024-10-28 13:24:05 - INFO - Successfully counted columns in directory ../01_Datensaetze/improved_cse-cic-ids-2018
2024-10-28 13:24:42 - INFO - Lade alle CSV-Dateien aus dem Verzeichnis ../01_Datensaetze/improved_cic-ids-2017 in ein Dask DataFrame
2024-10-28 13:24:42 - INFO - Dask DataFrame erfolgreich erstellt.
2024-10-28 13:24:45 - INFO - Lade alle CSV-Dateien aus dem Verzeichnis ../01_Datensaetze/improved_cse-cic-ids-2018 in ein Dask DataFrame
2024-10-28 13:24:45 - INFO - Dask DataFrame erfolgreich erstellt.
2024-10-28 13:25:53 - INFO - Pr端fe NaN und Inf Werte in ids17
2024-10-28 13:25:55 - INFO - NaN values in each column:
2024-10-28 13:25:55 - INFO - id                            0
Flow ID                       0
Src IP                        0
Src Port                      0
Dst IP                        0
Dst Port                      0
Protocol                      0
Timestamp                     0
Flow Duration                 0
Total Fwd Packet              0
Total Bwd packets             0
Total Length of Fwd Packet    0
Total Length of Bwd Packet    0
Fwd Packet Length Max         0
Fwd Packet Length Min         0
Fwd Packet Length Mean        0
Fwd Packet Length Std         0
Bwd Packet Length Max         0
Bwd Packet Length Min         0
Bwd Packet Length Mean        0
Bwd Packet Length Std         0
Flow Bytes/s                  0
Flow Packets/s                0
Flow IAT Mean                 0
Flow IAT Std                  0
Flow IAT Max                  0
Flow IAT Min                  0
Fwd IAT Total                 0
Fwd IAT Mean                  0
Fwd IAT Std                   0
Fwd IAT Max                   0
Fwd IAT Min                   0
Bwd IAT Total                 0
Bwd IAT Mean                  0
Bwd IAT Std                   0
Bwd IAT Max                   0
Bwd IAT Min                   0
Fwd PSH Flags                 0
Bwd PSH Flags                 0
Fwd URG Flags                 0
Bwd URG Flags                 0
Fwd RST Flags                 0
Bwd RST Flags                 0
Fwd Header Length             0
Bwd Header Length             0
Fwd Packets/s                 0
Bwd Packets/s                 0
Packet Length Min             0
Packet Length Max             0
Packet Length Mean            0
Packet Length Std             0
Packet Length Variance        0
FIN Flag Count                0
SYN Flag Count                0
RST Flag Count                0
PSH Flag Count                0
ACK Flag Count                0
URG Flag Count                0
CWR Flag Count                0
ECE Flag Count                0
Down/Up Ratio                 0
Average Packet Size           0
Fwd Segment Size Avg          0
Bwd Segment Size Avg          0
Fwd Bytes/Bulk Avg            0
Fwd Packet/Bulk Avg           0
Fwd Bulk Rate Avg             0
Bwd Bytes/Bulk Avg            0
Bwd Packet/Bulk Avg           0
Bwd Bulk Rate Avg             0
Subflow Fwd Packets           0
Subflow Fwd Bytes             0
Subflow Bwd Packets           0
Subflow Bwd Bytes             0
FWD Init Win Bytes            0
Bwd Init Win Bytes            0
Fwd Act Data Pkts             0
Fwd Seg Size Min              0
Active Mean                   0
Active Std                    0
Active Max                    0
Active Min                    0
Idle Mean                     0
Idle Std                      0
Idle Max                      0
Idle Min                      0
ICMP Code                     0
ICMP Type                     0
Total TCP Flow Time           0
Label                         0
Attempted Category            0
dtype: int64
2024-10-28 13:25:56 - INFO - Inf values in each column:
2024-10-28 13:25:56 - INFO - id                            0
Flow ID                       0
Src IP                        0
Src Port                      0
Dst IP                        0
Dst Port                      0
Protocol                      0
Timestamp                     0
Flow Duration                 0
Total Fwd Packet              0
Total Bwd packets             0
Total Length of Fwd Packet    0
Total Length of Bwd Packet    0
Fwd Packet Length Max         0
Fwd Packet Length Min         0
Fwd Packet Length Mean        0
Fwd Packet Length Std         0
Bwd Packet Length Max         0
Bwd Packet Length Min         0
Bwd Packet Length Mean        0
Bwd Packet Length Std         0
Flow Bytes/s                  5
Flow Packets/s                5
Flow IAT Mean                 0
Flow IAT Std                  0
Flow IAT Max                  0
Flow IAT Min                  0
Fwd IAT Total                 0
Fwd IAT Mean                  0
Fwd IAT Std                   0
Fwd IAT Max                   0
Fwd IAT Min                   0
Bwd IAT Total                 0
Bwd IAT Mean                  0
Bwd IAT Std                   0
Bwd IAT Max                   0
Bwd IAT Min                   0
Fwd PSH Flags                 0
Bwd PSH Flags                 0
Fwd URG Flags                 0
Bwd URG Flags                 0
Fwd RST Flags                 0
Bwd RST Flags                 0
Fwd Header Length             0
Bwd Header Length             0
Fwd Packets/s                 0
Bwd Packets/s                 0
Packet Length Min             0
Packet Length Max             0
Packet Length Mean            0
Packet Length Std             0
Packet Length Variance        0
FIN Flag Count                0
SYN Flag Count                0
RST Flag Count                0
PSH Flag Count                0
ACK Flag Count                0
URG Flag Count                0
CWR Flag Count                0
ECE Flag Count                0
Down/Up Ratio                 0
Average Packet Size           0
Fwd Segment Size Avg          0
Bwd Segment Size Avg          0
Fwd Bytes/Bulk Avg            0
Fwd Packet/Bulk Avg           0
Fwd Bulk Rate Avg             0
Bwd Bytes/Bulk Avg            0
Bwd Packet/Bulk Avg           0
Bwd Bulk Rate Avg             0
Subflow Fwd Packets           0
Subflow Fwd Bytes             0
Subflow Bwd Packets           0
Subflow Bwd Bytes             0
FWD Init Win Bytes            0
Bwd Init Win Bytes            0
Fwd Act Data Pkts             0
Fwd Seg Size Min              0
Active Mean                   0
Active Std                    0
Active Max                    0
Active Min                    0
Idle Mean                     0
Idle Std                      0
Idle Max                      0
Idle Min                      0
ICMP Code                     0
ICMP Type                     0
Total TCP Flow Time           0
Label                         0
Attempted Category            0
dtype: int64
2024-10-28 13:26:28 - INFO - Pr端fe NaN und Inf Werte in ids18
2024-10-28 13:27:16 - INFO - NaN values in each column:
2024-10-28 13:27:16 - INFO - id                            0
Flow ID                       0
Src IP                        0
Src Port                      0
Dst IP                        0
Dst Port                      0
Protocol                      0
Timestamp                     0
Flow Duration                 0
Total Fwd Packet              0
Total Bwd packets             0
Total Length of Fwd Packet    0
Total Length of Bwd Packet    0
Fwd Packet Length Max         0
Fwd Packet Length Min         0
Fwd Packet Length Mean        0
Fwd Packet Length Std         0
Bwd Packet Length Max         0
Bwd Packet Length Min         0
Bwd Packet Length Mean        0
Bwd Packet Length Std         0
Flow Bytes/s                  0
Flow Packets/s                0
Flow IAT Mean                 0
Flow IAT Std                  0
Flow IAT Max                  0
Flow IAT Min                  0
Fwd IAT Total                 0
Fwd IAT Mean                  0
Fwd IAT Std                   0
Fwd IAT Max                   0
Fwd IAT Min                   0
Bwd IAT Total                 0
Bwd IAT Mean                  0
Bwd IAT Std                   0
Bwd IAT Max                   0
Bwd IAT Min                   0
Fwd PSH Flags                 0
Bwd PSH Flags                 0
Fwd URG Flags                 0
Bwd URG Flags                 0
Fwd RST Flags                 0
Bwd RST Flags                 0
Fwd Header Length             0
Bwd Header Length             0
Fwd Packets/s                 0
Bwd Packets/s                 0
Packet Length Min             0
Packet Length Max             0
Packet Length Mean            0
Packet Length Std             0
Packet Length Variance        0
FIN Flag Count                0
SYN Flag Count                0
RST Flag Count                0
PSH Flag Count                0
ACK Flag Count                0
URG Flag Count                0
CWR Flag Count                0
ECE Flag Count                0
Down/Up Ratio                 0
Average Packet Size           0
Fwd Segment Size Avg          0
Bwd Segment Size Avg          0
Fwd Bytes/Bulk Avg            0
Fwd Packet/Bulk Avg           0
Fwd Bulk Rate Avg             0
Bwd Bytes/Bulk Avg            0
Bwd Packet/Bulk Avg           0
Bwd Bulk Rate Avg             0
Subflow Fwd Packets           0
Subflow Fwd Bytes             0
Subflow Bwd Packets           0
Subflow Bwd Bytes             0
FWD Init Win Bytes            0
Bwd Init Win Bytes            0
Fwd Act Data Pkts             0
Fwd Seg Size Min              0
Active Mean                   0
Active Std                    0
Active Max                    0
Active Min                    0
Idle Mean                     0
Idle Std                      0
Idle Max                      0
Idle Min                      0
ICMP Code                     0
ICMP Type                     0
Total TCP Flow Time           0
Label                         0
Attempted Category            0
dtype: int64
2024-10-28 13:28:06 - INFO - Inf values in each column:
2024-10-28 13:28:06 - INFO - id                             0
Flow ID                        0
Src IP                         0
Src Port                       0
Dst IP                         0
Dst Port                       0
Protocol                       0
Timestamp                      0
Flow Duration                  0
Total Fwd Packet               0
Total Bwd packets              0
Total Length of Fwd Packet     0
Total Length of Bwd Packet     0
Fwd Packet Length Max          0
Fwd Packet Length Min          0
Fwd Packet Length Mean         0
Fwd Packet Length Std          0
Bwd Packet Length Max          0
Bwd Packet Length Min          0
Bwd Packet Length Mean         0
Bwd Packet Length Std          0
Flow Bytes/s                  57
Flow Packets/s                57
Flow IAT Mean                  0
Flow IAT Std                   0
Flow IAT Max                   0
Flow IAT Min                   0
Fwd IAT Total                  0
Fwd IAT Mean                   0
Fwd IAT Std                    0
Fwd IAT Max                    0
Fwd IAT Min                    0
Bwd IAT Total                  0
Bwd IAT Mean                   0
Bwd IAT Std                    0
Bwd IAT Max                    0
Bwd IAT Min                    0
Fwd PSH Flags                  0
Bwd PSH Flags                  0
Fwd URG Flags                  0
Bwd URG Flags                  0
Fwd RST Flags                  0
Bwd RST Flags                  0
Fwd Header Length              0
Bwd Header Length              0
Fwd Packets/s                  0
Bwd Packets/s                  0
Packet Length Min              0
Packet Length Max              0
Packet Length Mean             0
Packet Length Std              0
Packet Length Variance         0
FIN Flag Count                 0
SYN Flag Count                 0
RST Flag Count                 0
PSH Flag Count                 0
ACK Flag Count                 0
URG Flag Count                 0
CWR Flag Count                 0
ECE Flag Count                 0
Down/Up Ratio                  0
Average Packet Size            0
Fwd Segment Size Avg           0
Bwd Segment Size Avg           0
Fwd Bytes/Bulk Avg             0
Fwd Packet/Bulk Avg            0
Fwd Bulk Rate Avg              0
Bwd Bytes/Bulk Avg             0
Bwd Packet/Bulk Avg            0
Bwd Bulk Rate Avg              0
Subflow Fwd Packets            0
Subflow Fwd Bytes              0
Subflow Bwd Packets            0
Subflow Bwd Bytes              0
FWD Init Win Bytes             0
Bwd Init Win Bytes             0
Fwd Act Data Pkts              0
Fwd Seg Size Min               0
Active Mean                    0
Active Std                     0
Active Max                     0
Active Min                     0
Idle Mean                      0
Idle Std                       0
Idle Max                       0
Idle Min                       0
ICMP Code                      0
ICMP Type                      0
Total TCP Flow Time            0
Label                          0
Attempted Category             0
dtype: int64
2024-10-28 13:28:34 - INFO - Column 'Dst Port' successfully converted to dtype 'int32'
2024-10-28 13:28:34 - INFO - Column 'Protocol' successfully converted to dtype 'category'
2024-10-28 13:28:34 - INFO - Column 'Flow Duration' successfully converted to dtype 'int64'
2024-10-28 13:28:34 - INFO - Column 'Total Fwd Packet' successfully converted to dtype 'int64'
2024-10-28 13:28:34 - INFO - Column 'Total Bwd packets' successfully converted to dtype 'int64'
2024-10-28 13:28:34 - INFO - Column 'Total Length of Fwd Packet' successfully converted to dtype 'float64'
2024-10-28 13:28:34 - INFO - Column 'Total Length of Bwd Packet' successfully converted to dtype 'float64'
2024-10-28 13:28:34 - INFO - Column 'Fwd Packet Length Max' successfully converted to dtype 'float32'
2024-10-28 13:28:34 - INFO - Column 'Fwd Packet Length Min' successfully converted to dtype 'float32'
2024-10-28 13:28:34 - INFO - Column 'Fwd Packet Length Mean' successfully converted to dtype 'float32'
2024-10-28 13:28:34 - INFO - Column 'Fwd Packet Length Std' successfully converted to dtype 'float32'
2024-10-28 13:28:34 - INFO - Column 'Bwd Packet Length Max' successfully converted to dtype 'float32'
2024-10-28 13:28:34 - INFO - Column 'Bwd Packet Length Min' successfully converted to dtype 'float32'
2024-10-28 13:28:34 - INFO - Column 'Bwd Packet Length Mean' successfully converted to dtype 'float32'
2024-10-28 13:28:34 - INFO - Column 'Bwd Packet Length Std' successfully converted to dtype 'float32'
2024-10-28 13:28:34 - INFO - Column 'Flow Bytes/s' successfully converted to dtype 'float32'
2024-10-28 13:28:34 - INFO - Column 'Flow Packets/s' successfully converted to dtype 'float32'
2024-10-28 13:28:34 - INFO - Column 'Flow IAT Mean' successfully converted to dtype 'float32'
2024-10-28 13:28:34 - INFO - Column 'Flow IAT Std' successfully converted to dtype 'float32'
2024-10-28 13:28:34 - INFO - Column 'Flow IAT Max' successfully converted to dtype 'float32'
2024-10-28 13:28:34 - INFO - Column 'Flow IAT Min' successfully converted to dtype 'float32'
2024-10-28 13:28:34 - INFO - Column 'Fwd IAT Total' successfully converted to dtype 'float32'
2024-10-28 13:28:34 - INFO - Column 'Fwd IAT Mean' successfully converted to dtype 'float32'
2024-10-28 13:28:34 - INFO - Column 'Fwd IAT Std' successfully converted to dtype 'float32'
2024-10-28 13:28:34 - INFO - Column 'Fwd IAT Max' successfully converted to dtype 'float32'
2024-10-28 13:28:34 - INFO - Column 'Fwd IAT Min' successfully converted to dtype 'float32'
2024-10-28 13:28:34 - INFO - Column 'Bwd IAT Total' successfully converted to dtype 'float32'
2024-10-28 13:28:34 - INFO - Column 'Bwd IAT Mean' successfully converted to dtype 'float32'
2024-10-28 13:28:34 - INFO - Column 'Bwd IAT Std' successfully converted to dtype 'float32'
2024-10-28 13:28:34 - INFO - Column 'Bwd IAT Max' successfully converted to dtype 'float32'
2024-10-28 13:28:34 - INFO - Column 'Bwd IAT Min' successfully converted to dtype 'float32'
2024-10-28 13:28:34 - INFO - Column 'Fwd PSH Flags' successfully converted to dtype 'int32'
2024-10-28 13:28:34 - INFO - Column 'Bwd PSH Flags' successfully converted to dtype 'int32'
2024-10-28 13:28:34 - INFO - Column 'Fwd URG Flags' successfully converted to dtype 'int32'
2024-10-28 13:28:34 - INFO - Column 'Bwd URG Flags' successfully converted to dtype 'int32'
2024-10-28 13:28:34 - INFO - Column 'Fwd RST Flags' successfully converted to dtype 'int32'
2024-10-28 13:28:34 - INFO - Column 'Bwd RST Flags' successfully converted to dtype 'int32'
2024-10-28 13:28:34 - INFO - Column 'Fwd Header Length' successfully converted to dtype 'int64'
2024-10-28 13:28:34 - INFO - Column 'Bwd Header Length' successfully converted to dtype 'int64'
2024-10-28 13:28:34 - INFO - Column 'Packet Length Min' successfully converted to dtype 'float32'
2024-10-28 13:28:34 - INFO - Column 'Packet Length Max' successfully converted to dtype 'float32'
2024-10-28 13:28:34 - INFO - Column 'Packet Length Mean' successfully converted to dtype 'float32'
2024-10-28 13:28:34 - INFO - Column 'Packet Length Std' successfully converted to dtype 'float32'
2024-10-28 13:28:34 - INFO - Column 'FIN Flag Count' successfully converted to dtype 'int32'
2024-10-28 13:28:34 - INFO - Column 'SYN Flag Count' successfully converted to dtype 'int32'
2024-10-28 13:28:34 - INFO - Column 'RST Flag Count' successfully converted to dtype 'int32'
2024-10-28 13:28:34 - INFO - Column 'PSH Flag Count' successfully converted to dtype 'int32'
2024-10-28 13:28:34 - INFO - Column 'ACK Flag Count' successfully converted to dtype 'int32'
2024-10-28 13:28:34 - INFO - Column 'URG Flag Count' successfully converted to dtype 'int32'
2024-10-28 13:28:34 - INFO - Column 'Label' successfully converted to dtype 'category'
2024-10-28 13:29:00 - INFO - Column 'Dst Port' successfully converted to dtype 'int32'
2024-10-28 13:29:00 - INFO - Column 'Protocol' successfully converted to dtype 'category'
2024-10-28 13:29:00 - INFO - Column 'Flow Duration' successfully converted to dtype 'int64'
2024-10-28 13:29:00 - INFO - Column 'Total Fwd Packet' successfully converted to dtype 'int64'
2024-10-28 13:29:00 - INFO - Column 'Total Bwd packets' successfully converted to dtype 'int64'
2024-10-28 13:29:00 - INFO - Column 'Total Length of Fwd Packet' successfully converted to dtype 'float64'
2024-10-28 13:29:00 - INFO - Column 'Total Length of Bwd Packet' successfully converted to dtype 'float64'
2024-10-28 13:29:00 - INFO - Column 'Fwd Packet Length Max' successfully converted to dtype 'float32'
2024-10-28 13:29:00 - INFO - Column 'Fwd Packet Length Min' successfully converted to dtype 'float32'
2024-10-28 13:29:00 - INFO - Column 'Fwd Packet Length Mean' successfully converted to dtype 'float32'
2024-10-28 13:29:00 - INFO - Column 'Fwd Packet Length Std' successfully converted to dtype 'float32'
2024-10-28 13:29:00 - INFO - Column 'Bwd Packet Length Max' successfully converted to dtype 'float32'
2024-10-28 13:29:00 - INFO - Column 'Bwd Packet Length Min' successfully converted to dtype 'float32'
2024-10-28 13:29:00 - INFO - Column 'Bwd Packet Length Mean' successfully converted to dtype 'float32'
2024-10-28 13:29:00 - INFO - Column 'Bwd Packet Length Std' successfully converted to dtype 'float32'
2024-10-28 13:29:00 - INFO - Column 'Flow Bytes/s' successfully converted to dtype 'float32'
2024-10-28 13:29:00 - INFO - Column 'Flow Packets/s' successfully converted to dtype 'float32'
2024-10-28 13:29:00 - INFO - Column 'Flow IAT Mean' successfully converted to dtype 'float32'
2024-10-28 13:29:00 - INFO - Column 'Flow IAT Std' successfully converted to dtype 'float32'
2024-10-28 13:29:00 - INFO - Column 'Flow IAT Max' successfully converted to dtype 'float32'
2024-10-28 13:29:00 - INFO - Column 'Flow IAT Min' successfully converted to dtype 'float32'
2024-10-28 13:29:00 - INFO - Column 'Fwd IAT Total' successfully converted to dtype 'float32'
2024-10-28 13:29:00 - INFO - Column 'Fwd IAT Mean' successfully converted to dtype 'float32'
2024-10-28 13:29:00 - INFO - Column 'Fwd IAT Std' successfully converted to dtype 'float32'
2024-10-28 13:29:00 - INFO - Column 'Fwd IAT Max' successfully converted to dtype 'float32'
2024-10-28 13:29:00 - INFO - Column 'Fwd IAT Min' successfully converted to dtype 'float32'
2024-10-28 13:29:00 - INFO - Column 'Bwd IAT Total' successfully converted to dtype 'float32'
2024-10-28 13:29:00 - INFO - Column 'Bwd IAT Mean' successfully converted to dtype 'float32'
2024-10-28 13:29:00 - INFO - Column 'Bwd IAT Std' successfully converted to dtype 'float32'
2024-10-28 13:29:00 - INFO - Column 'Bwd IAT Max' successfully converted to dtype 'float32'
2024-10-28 13:29:00 - INFO - Column 'Bwd IAT Min' successfully converted to dtype 'float32'
2024-10-28 13:29:00 - INFO - Column 'Fwd PSH Flags' successfully converted to dtype 'int32'
2024-10-28 13:29:00 - INFO - Column 'Bwd PSH Flags' successfully converted to dtype 'int32'
2024-10-28 13:29:00 - INFO - Column 'Fwd URG Flags' successfully converted to dtype 'int32'
2024-10-28 13:29:00 - INFO - Column 'Bwd URG Flags' successfully converted to dtype 'int32'
2024-10-28 13:29:00 - INFO - Column 'Fwd RST Flags' successfully converted to dtype 'int32'
2024-10-28 13:29:00 - INFO - Column 'Bwd RST Flags' successfully converted to dtype 'int32'
2024-10-28 13:29:00 - INFO - Column 'Fwd Header Length' successfully converted to dtype 'int64'
2024-10-28 13:29:00 - INFO - Column 'Bwd Header Length' successfully converted to dtype 'int64'
2024-10-28 13:29:00 - INFO - Column 'Packet Length Min' successfully converted to dtype 'float32'
2024-10-28 13:29:00 - INFO - Column 'Packet Length Max' successfully converted to dtype 'float32'
2024-10-28 13:29:00 - INFO - Column 'Packet Length Mean' successfully converted to dtype 'float32'
2024-10-28 13:29:00 - INFO - Column 'Packet Length Std' successfully converted to dtype 'float32'
2024-10-28 13:29:00 - INFO - Column 'FIN Flag Count' successfully converted to dtype 'int32'
2024-10-28 13:29:00 - INFO - Column 'SYN Flag Count' successfully converted to dtype 'int32'
2024-10-28 13:29:00 - INFO - Column 'RST Flag Count' successfully converted to dtype 'int32'
2024-10-28 13:29:00 - INFO - Column 'PSH Flag Count' successfully converted to dtype 'int32'
2024-10-28 13:29:00 - INFO - Column 'ACK Flag Count' successfully converted to dtype 'int32'
2024-10-28 13:29:00 - INFO - Column 'URG Flag Count' successfully converted to dtype 'int32'
2024-10-28 13:29:00 - INFO - Column 'Label' successfully converted to dtype 'category'
2024-10-28 13:33:28 - INFO - Start counting columns in directory ../01_Datensaetze/improved_cic-ids-2017
2024-10-28 13:33:28 - INFO - Successfully counted columns in directory ../01_Datensaetze/improved_cic-ids-2017
2024-10-28 13:33:29 - INFO - Start counting columns in directory ../01_Datensaetze/improved_cse-cic-ids-2018
2024-10-28 13:33:29 - INFO - Successfully counted columns in directory ../01_Datensaetze/improved_cse-cic-ids-2018
2024-10-28 13:33:54 - INFO - Lade alle CSV-Dateien aus dem Verzeichnis ../01_Datensaetze/improved_cic-ids-2017 in ein Dask DataFrame
2024-10-28 13:33:54 - INFO - Dask DataFrame erfolgreich erstellt.
2024-10-28 13:34:00 - INFO - Lade alle CSV-Dateien aus dem Verzeichnis ../01_Datensaetze/improved_cse-cic-ids-2018 in ein Dask DataFrame
2024-10-28 13:34:00 - INFO - Dask DataFrame erfolgreich erstellt.
2024-10-28 13:37:23 - INFO - Pr端fe NaN und Inf Werte in ids17
2024-10-28 13:37:25 - INFO - NaN values in each column:
2024-10-28 13:37:25 - INFO - id                            0
Flow ID                       0
Src IP                        0
Src Port                      0
Dst IP                        0
Dst Port                      0
Protocol                      0
Timestamp                     0
Flow Duration                 0
Total Fwd Packet              0
Total Bwd packets             0
Total Length of Fwd Packet    0
Total Length of Bwd Packet    0
Fwd Packet Length Max         0
Fwd Packet Length Min         0
Fwd Packet Length Mean        0
Fwd Packet Length Std         0
Bwd Packet Length Max         0
Bwd Packet Length Min         0
Bwd Packet Length Mean        0
Bwd Packet Length Std         0
Flow Bytes/s                  0
Flow Packets/s                0
Flow IAT Mean                 0
Flow IAT Std                  0
Flow IAT Max                  0
Flow IAT Min                  0
Fwd IAT Total                 0
Fwd IAT Mean                  0
Fwd IAT Std                   0
Fwd IAT Max                   0
Fwd IAT Min                   0
Bwd IAT Total                 0
Bwd IAT Mean                  0
Bwd IAT Std                   0
Bwd IAT Max                   0
Bwd IAT Min                   0
Fwd PSH Flags                 0
Bwd PSH Flags                 0
Fwd URG Flags                 0
Bwd URG Flags                 0
Fwd RST Flags                 0
Bwd RST Flags                 0
Fwd Header Length             0
Bwd Header Length             0
Fwd Packets/s                 0
Bwd Packets/s                 0
Packet Length Min             0
Packet Length Max             0
Packet Length Mean            0
Packet Length Std             0
Packet Length Variance        0
FIN Flag Count                0
SYN Flag Count                0
RST Flag Count                0
PSH Flag Count                0
ACK Flag Count                0
URG Flag Count                0
CWR Flag Count                0
ECE Flag Count                0
Down/Up Ratio                 0
Average Packet Size           0
Fwd Segment Size Avg          0
Bwd Segment Size Avg          0
Fwd Bytes/Bulk Avg            0
Fwd Packet/Bulk Avg           0
Fwd Bulk Rate Avg             0
Bwd Bytes/Bulk Avg            0
Bwd Packet/Bulk Avg           0
Bwd Bulk Rate Avg             0
Subflow Fwd Packets           0
Subflow Fwd Bytes             0
Subflow Bwd Packets           0
Subflow Bwd Bytes             0
FWD Init Win Bytes            0
Bwd Init Win Bytes            0
Fwd Act Data Pkts             0
Fwd Seg Size Min              0
Active Mean                   0
Active Std                    0
Active Max                    0
Active Min                    0
Idle Mean                     0
Idle Std                      0
Idle Max                      0
Idle Min                      0
ICMP Code                     0
ICMP Type                     0
Total TCP Flow Time           0
Label                         0
Attempted Category            0
dtype: int64
2024-10-28 13:37:27 - INFO - Inf values in each column:
2024-10-28 13:37:27 - INFO - id                            0
Flow ID                       0
Src IP                        0
Src Port                      0
Dst IP                        0
Dst Port                      0
Protocol                      0
Timestamp                     0
Flow Duration                 0
Total Fwd Packet              0
Total Bwd packets             0
Total Length of Fwd Packet    0
Total Length of Bwd Packet    0
Fwd Packet Length Max         0
Fwd Packet Length Min         0
Fwd Packet Length Mean        0
Fwd Packet Length Std         0
Bwd Packet Length Max         0
Bwd Packet Length Min         0
Bwd Packet Length Mean        0
Bwd Packet Length Std         0
Flow Bytes/s                  5
Flow Packets/s                5
Flow IAT Mean                 0
Flow IAT Std                  0
Flow IAT Max                  0
Flow IAT Min                  0
Fwd IAT Total                 0
Fwd IAT Mean                  0
Fwd IAT Std                   0
Fwd IAT Max                   0
Fwd IAT Min                   0
Bwd IAT Total                 0
Bwd IAT Mean                  0
Bwd IAT Std                   0
Bwd IAT Max                   0
Bwd IAT Min                   0
Fwd PSH Flags                 0
Bwd PSH Flags                 0
Fwd URG Flags                 0
Bwd URG Flags                 0
Fwd RST Flags                 0
Bwd RST Flags                 0
Fwd Header Length             0
Bwd Header Length             0
Fwd Packets/s                 0
Bwd Packets/s                 0
Packet Length Min             0
Packet Length Max             0
Packet Length Mean            0
Packet Length Std             0
Packet Length Variance        0
FIN Flag Count                0
SYN Flag Count                0
RST Flag Count                0
PSH Flag Count                0
ACK Flag Count                0
URG Flag Count                0
CWR Flag Count                0
ECE Flag Count                0
Down/Up Ratio                 0
Average Packet Size           0
Fwd Segment Size Avg          0
Bwd Segment Size Avg          0
Fwd Bytes/Bulk Avg            0
Fwd Packet/Bulk Avg           0
Fwd Bulk Rate Avg             0
Bwd Bytes/Bulk Avg            0
Bwd Packet/Bulk Avg           0
Bwd Bulk Rate Avg             0
Subflow Fwd Packets           0
Subflow Fwd Bytes             0
Subflow Bwd Packets           0
Subflow Bwd Bytes             0
FWD Init Win Bytes            0
Bwd Init Win Bytes            0
Fwd Act Data Pkts             0
Fwd Seg Size Min              0
Active Mean                   0
Active Std                    0
Active Max                    0
Active Min                    0
Idle Mean                     0
Idle Std                      0
Idle Max                      0
Idle Min                      0
ICMP Code                     0
ICMP Type                     0
Total TCP Flow Time           0
Label                         0
Attempted Category            0
dtype: int64
2024-10-28 13:37:27 - INFO - Pr端fe NaN und Inf Werte in ids18
2024-10-28 13:38:20 - INFO - NaN values in each column:
2024-10-28 13:38:20 - INFO - id                            0
Flow ID                       0
Src IP                        0
Src Port                      0
Dst IP                        0
Dst Port                      0
Protocol                      0
Timestamp                     0
Flow Duration                 0
Total Fwd Packet              0
Total Bwd packets             0
Total Length of Fwd Packet    0
Total Length of Bwd Packet    0
Fwd Packet Length Max         0
Fwd Packet Length Min         0
Fwd Packet Length Mean        0
Fwd Packet Length Std         0
Bwd Packet Length Max         0
Bwd Packet Length Min         0
Bwd Packet Length Mean        0
Bwd Packet Length Std         0
Flow Bytes/s                  0
Flow Packets/s                0
Flow IAT Mean                 0
Flow IAT Std                  0
Flow IAT Max                  0
Flow IAT Min                  0
Fwd IAT Total                 0
Fwd IAT Mean                  0
Fwd IAT Std                   0
Fwd IAT Max                   0
Fwd IAT Min                   0
Bwd IAT Total                 0
Bwd IAT Mean                  0
Bwd IAT Std                   0
Bwd IAT Max                   0
Bwd IAT Min                   0
Fwd PSH Flags                 0
Bwd PSH Flags                 0
Fwd URG Flags                 0
Bwd URG Flags                 0
Fwd RST Flags                 0
Bwd RST Flags                 0
Fwd Header Length             0
Bwd Header Length             0
Fwd Packets/s                 0
Bwd Packets/s                 0
Packet Length Min             0
Packet Length Max             0
Packet Length Mean            0
Packet Length Std             0
Packet Length Variance        0
FIN Flag Count                0
SYN Flag Count                0
RST Flag Count                0
PSH Flag Count                0
ACK Flag Count                0
URG Flag Count                0
CWR Flag Count                0
ECE Flag Count                0
Down/Up Ratio                 0
Average Packet Size           0
Fwd Segment Size Avg          0
Bwd Segment Size Avg          0
Fwd Bytes/Bulk Avg            0
Fwd Packet/Bulk Avg           0
Fwd Bulk Rate Avg             0
Bwd Bytes/Bulk Avg            0
Bwd Packet/Bulk Avg           0
Bwd Bulk Rate Avg             0
Subflow Fwd Packets           0
Subflow Fwd Bytes             0
Subflow Bwd Packets           0
Subflow Bwd Bytes             0
FWD Init Win Bytes            0
Bwd Init Win Bytes            0
Fwd Act Data Pkts             0
Fwd Seg Size Min              0
Active Mean                   0
Active Std                    0
Active Max                    0
Active Min                    0
Idle Mean                     0
Idle Std                      0
Idle Max                      0
Idle Min                      0
ICMP Code                     0
ICMP Type                     0
Total TCP Flow Time           0
Label                         0
Attempted Category            0
dtype: int64
2024-10-28 13:39:14 - INFO - Inf values in each column:
2024-10-28 13:39:14 - INFO - id                             0
Flow ID                        0
Src IP                         0
Src Port                       0
Dst IP                         0
Dst Port                       0
Protocol                       0
Timestamp                      0
Flow Duration                  0
Total Fwd Packet               0
Total Bwd packets              0
Total Length of Fwd Packet     0
Total Length of Bwd Packet     0
Fwd Packet Length Max          0
Fwd Packet Length Min          0
Fwd Packet Length Mean         0
Fwd Packet Length Std          0
Bwd Packet Length Max          0
Bwd Packet Length Min          0
Bwd Packet Length Mean         0
Bwd Packet Length Std          0
Flow Bytes/s                  57
Flow Packets/s                57
Flow IAT Mean                  0
Flow IAT Std                   0
Flow IAT Max                   0
Flow IAT Min                   0
Fwd IAT Total                  0
Fwd IAT Mean                   0
Fwd IAT Std                    0
Fwd IAT Max                    0
Fwd IAT Min                    0
Bwd IAT Total                  0
Bwd IAT Mean                   0
Bwd IAT Std                    0
Bwd IAT Max                    0
Bwd IAT Min                    0
Fwd PSH Flags                  0
Bwd PSH Flags                  0
Fwd URG Flags                  0
Bwd URG Flags                  0
Fwd RST Flags                  0
Bwd RST Flags                  0
Fwd Header Length              0
Bwd Header Length              0
Fwd Packets/s                  0
Bwd Packets/s                  0
Packet Length Min              0
Packet Length Max              0
Packet Length Mean             0
Packet Length Std              0
Packet Length Variance         0
FIN Flag Count                 0
SYN Flag Count                 0
RST Flag Count                 0
PSH Flag Count                 0
ACK Flag Count                 0
URG Flag Count                 0
CWR Flag Count                 0
ECE Flag Count                 0
Down/Up Ratio                  0
Average Packet Size            0
Fwd Segment Size Avg           0
Bwd Segment Size Avg           0
Fwd Bytes/Bulk Avg             0
Fwd Packet/Bulk Avg            0
Fwd Bulk Rate Avg              0
Bwd Bytes/Bulk Avg             0
Bwd Packet/Bulk Avg            0
Bwd Bulk Rate Avg              0
Subflow Fwd Packets            0
Subflow Fwd Bytes              0
Subflow Bwd Packets            0
Subflow Bwd Bytes              0
FWD Init Win Bytes             0
Bwd Init Win Bytes             0
Fwd Act Data Pkts              0
Fwd Seg Size Min               0
Active Mean                    0
Active Std                     0
Active Max                     0
Active Min                     0
Idle Mean                      0
Idle Std                       0
Idle Max                       0
Idle Min                       0
ICMP Code                      0
ICMP Type                      0
Total TCP Flow Time            0
Label                          0
Attempted Category             0
dtype: int64
2024-10-28 13:39:14 - INFO - Inspecting column values...
2024-10-28 13:41:37 - INFO - DataFrame successfully saved to ../01_Datensaetze/improved_cic-ids-2017/ids17_parquet
2024-10-28 13:42:52 - INFO - DataFrame successfully saved to ../01_Datensaetze/improved_cse-cic-ids-2018/ids18_parquet
2024-10-28 15:32:22 - INFO - Lade alle CSV-Dateien aus dem Verzeichnis ../01_Datensaetze/improved_cic-ids-2017 in ein Dask DataFrame
2024-10-28 15:32:22 - INFO - Dask DataFrame erfolgreich erstellt.
2024-10-28 15:32:31 - INFO - Lade alle CSV-Dateien aus dem Verzeichnis ../01_Datensaetze/improved_cse-cic-ids-2018 in ein Dask DataFrame
2024-10-28 15:32:31 - INFO - Dask DataFrame erfolgreich erstellt.
2024-10-28 15:32:41 - INFO - Pr端fe NaN und Inf Werte in ids17
2024-10-28 15:32:45 - INFO - NaN values in each column:
2024-10-28 15:32:45 - INFO - id                            0
Flow ID                       0
Src IP                        0
Src Port                      0
Dst IP                        0
Dst Port                      0
Protocol                      0
Timestamp                     0
Flow Duration                 0
Total Fwd Packet              0
Total Bwd packets             0
Total Length of Fwd Packet    0
Total Length of Bwd Packet    0
Fwd Packet Length Max         0
Fwd Packet Length Min         0
Fwd Packet Length Mean        0
Fwd Packet Length Std         0
Bwd Packet Length Max         0
Bwd Packet Length Min         0
Bwd Packet Length Mean        0
Bwd Packet Length Std         0
Flow Bytes/s                  0
Flow Packets/s                0
Flow IAT Mean                 0
Flow IAT Std                  0
Flow IAT Max                  0
Flow IAT Min                  0
Fwd IAT Total                 0
Fwd IAT Mean                  0
Fwd IAT Std                   0
Fwd IAT Max                   0
Fwd IAT Min                   0
Bwd IAT Total                 0
Bwd IAT Mean                  0
Bwd IAT Std                   0
Bwd IAT Max                   0
Bwd IAT Min                   0
Fwd PSH Flags                 0
Bwd PSH Flags                 0
Fwd URG Flags                 0
Bwd URG Flags                 0
Fwd RST Flags                 0
Bwd RST Flags                 0
Fwd Header Length             0
Bwd Header Length             0
Fwd Packets/s                 0
Bwd Packets/s                 0
Packet Length Min             0
Packet Length Max             0
Packet Length Mean            0
Packet Length Std             0
Packet Length Variance        0
FIN Flag Count                0
SYN Flag Count                0
RST Flag Count                0
PSH Flag Count                0
ACK Flag Count                0
URG Flag Count                0
CWR Flag Count                0
ECE Flag Count                0
Down/Up Ratio                 0
Average Packet Size           0
Fwd Segment Size Avg          0
Bwd Segment Size Avg          0
Fwd Bytes/Bulk Avg            0
Fwd Packet/Bulk Avg           0
Fwd Bulk Rate Avg             0
Bwd Bytes/Bulk Avg            0
Bwd Packet/Bulk Avg           0
Bwd Bulk Rate Avg             0
Subflow Fwd Packets           0
Subflow Fwd Bytes             0
Subflow Bwd Packets           0
Subflow Bwd Bytes             0
FWD Init Win Bytes            0
Bwd Init Win Bytes            0
Fwd Act Data Pkts             0
Fwd Seg Size Min              0
Active Mean                   0
Active Std                    0
Active Max                    0
Active Min                    0
Idle Mean                     0
Idle Std                      0
Idle Max                      0
Idle Min                      0
ICMP Code                     0
ICMP Type                     0
Total TCP Flow Time           0
Label                         0
Attempted Category            0
dtype: int64
2024-10-28 15:32:48 - INFO - Inf values in each column:
2024-10-28 15:32:48 - INFO - id                            0
Flow ID                       0
Src IP                        0
Src Port                      0
Dst IP                        0
Dst Port                      0
Protocol                      0
Timestamp                     0
Flow Duration                 0
Total Fwd Packet              0
Total Bwd packets             0
Total Length of Fwd Packet    0
Total Length of Bwd Packet    0
Fwd Packet Length Max         0
Fwd Packet Length Min         0
Fwd Packet Length Mean        0
Fwd Packet Length Std         0
Bwd Packet Length Max         0
Bwd Packet Length Min         0
Bwd Packet Length Mean        0
Bwd Packet Length Std         0
Flow Bytes/s                  5
Flow Packets/s                5
Flow IAT Mean                 0
Flow IAT Std                  0
Flow IAT Max                  0
Flow IAT Min                  0
Fwd IAT Total                 0
Fwd IAT Mean                  0
Fwd IAT Std                   0
Fwd IAT Max                   0
Fwd IAT Min                   0
Bwd IAT Total                 0
Bwd IAT Mean                  0
Bwd IAT Std                   0
Bwd IAT Max                   0
Bwd IAT Min                   0
Fwd PSH Flags                 0
Bwd PSH Flags                 0
Fwd URG Flags                 0
Bwd URG Flags                 0
Fwd RST Flags                 0
Bwd RST Flags                 0
Fwd Header Length             0
Bwd Header Length             0
Fwd Packets/s                 0
Bwd Packets/s                 0
Packet Length Min             0
Packet Length Max             0
Packet Length Mean            0
Packet Length Std             0
Packet Length Variance        0
FIN Flag Count                0
SYN Flag Count                0
RST Flag Count                0
PSH Flag Count                0
ACK Flag Count                0
URG Flag Count                0
CWR Flag Count                0
ECE Flag Count                0
Down/Up Ratio                 0
Average Packet Size           0
Fwd Segment Size Avg          0
Bwd Segment Size Avg          0
Fwd Bytes/Bulk Avg            0
Fwd Packet/Bulk Avg           0
Fwd Bulk Rate Avg             0
Bwd Bytes/Bulk Avg            0
Bwd Packet/Bulk Avg           0
Bwd Bulk Rate Avg             0
Subflow Fwd Packets           0
Subflow Fwd Bytes             0
Subflow Bwd Packets           0
Subflow Bwd Bytes             0
FWD Init Win Bytes            0
Bwd Init Win Bytes            0
Fwd Act Data Pkts             0
Fwd Seg Size Min              0
Active Mean                   0
Active Std                    0
Active Max                    0
Active Min                    0
Idle Mean                     0
Idle Std                      0
Idle Max                      0
Idle Min                      0
ICMP Code                     0
ICMP Type                     0
Total TCP Flow Time           0
Label                         0
Attempted Category            0
dtype: int64
2024-10-28 15:36:34 - INFO - DataFrame successfully saved to ../01_Datensaetze/improved_cic-ids-2017/ids17_parquet
2024-10-28 15:46:30 - INFO - Start counting columns in directory ../01_Datensaetze/improved_cic-ids-2017
2024-10-28 15:46:30 - INFO - Successfully counted columns in directory ../01_Datensaetze/improved_cic-ids-2017
2024-10-28 15:46:33 - INFO - Start counting columns in directory ../01_Datensaetze/improved_cse-cic-ids-2018
2024-10-28 15:46:33 - INFO - Successfully counted columns in directory ../01_Datensaetze/improved_cse-cic-ids-2018
2024-10-28 15:47:30 - INFO - Lade alle CSV-Dateien aus dem Verzeichnis ../01_Datensaetze/improved_cic-ids-2017 in ein Dask DataFrame
2024-10-28 15:47:30 - INFO - Dask DataFrame erfolgreich erstellt.
2024-10-28 15:47:35 - INFO - Lade alle CSV-Dateien aus dem Verzeichnis ../01_Datensaetze/improved_cse-cic-ids-2018 in ein Dask DataFrame
2024-10-28 15:47:35 - INFO - Dask DataFrame erfolgreich erstellt.
2024-10-28 15:48:05 - INFO - DataFrame successfully saved to ../01_Datensaetze/improved_cic-ids-2017/ids17_parquet
2024-10-28 15:49:34 - INFO - DataFrame successfully saved to ../01_Datensaetze/improved_cse-cic-ids-2018/ids18_parquet
2024-10-28 15:59:08 - INFO - Lade alle CSV-Dateien aus dem Verzeichnis ../01_Datensaetze/improved_cic-ids-2017 in ein Dask DataFrame
2024-10-28 15:59:08 - INFO - Dask DataFrame erfolgreich erstellt.
2024-10-28 15:59:13 - INFO - Lade alle CSV-Dateien aus dem Verzeichnis ../01_Datensaetze/improved_cse-cic-ids-2018 in ein Dask DataFrame
2024-10-28 15:59:13 - INFO - Dask DataFrame erfolgreich erstellt.
2024-10-28 16:00:35 - INFO - DataFrame successfully saved to ../01_Datensaetze/improved_cic-ids-2017/ids17_parquet
2024-10-28 16:01:52 - INFO - DataFrame successfully saved to ../01_Datensaetze/improved_cse-cic-ids-2018/ids18_parquet
